Apache Maven 3.0.5
Maven home: /usr/share/maven
Java version: 1.7.0_101, vendor: Oracle Corporation
Java home: /usr/lib/jvm/java-7-openjdk-amd64/jre
Default locale: en_IN, platform encoding: UTF-8
OS name: "linux", version: "3.13.0-91-generic", arch: "amd64", family: "unix"
[INFO] Error stacktraces are turned on.
[DEBUG] Reading global settings from /usr/share/maven/conf/settings.xml
[DEBUG] Reading user settings from /home/rps/.m2/settings.xml
[DEBUG] Using local repository at /home/rps/.m2/repository
[DEBUG] Using manager EnhancedLocalRepositoryManager with priority 10 for /home/rps/.m2/repository
[INFO] Scanning for projects...
[DEBUG] Extension realms for project org.tektutor:hello:jar:1.2.3: (none)
[DEBUG] Looking up lifecyle mappings for packaging jar from ClassRealm[plexus.core, parent: null]
[DEBUG] === REACTOR BUILD PLAN ================================================
[DEBUG] Project: org.tektutor:hello:jar:1.2.3
[DEBUG] Tasks:   [compile]
[DEBUG] Style:   Regular
[DEBUG] =======================================================================
[INFO]                                                                         
[INFO] ------------------------------------------------------------------------
[INFO] Building hello 1.2.3
[INFO] ------------------------------------------------------------------------
[DEBUG] Lifecycle default -> [validate, initialize, generate-sources, process-sources, generate-resources, process-resources, compile, process-classes, generate-test-sources, process-test-sources, generate-test-resources, process-test-resources, test-compile, process-test-classes, test, prepare-package, package, pre-integration-test, integration-test, post-integration-test, verify, install, deploy]
[DEBUG] Lifecycle clean -> [pre-clean, clean, post-clean]
[DEBUG] Lifecycle site -> [pre-site, site, post-site, site-deploy]
[DEBUG] Lifecycle default -> [validate, initialize, generate-sources, process-sources, generate-resources, process-resources, compile, process-classes, generate-test-sources, process-test-sources, generate-test-resources, process-test-resources, test-compile, process-test-classes, test, prepare-package, package, pre-integration-test, integration-test, post-integration-test, verify, install, deploy]
[DEBUG] Lifecycle clean -> [pre-clean, clean, post-clean]
[DEBUG] Lifecycle site -> [pre-site, site, post-site, site-deploy]
[DEBUG] Lifecycle default -> [validate, initialize, generate-sources, process-sources, generate-resources, process-resources, compile, process-classes, generate-test-sources, process-test-sources, generate-test-resources, process-test-resources, test-compile, process-test-classes, test, prepare-package, package, pre-integration-test, integration-test, post-integration-test, verify, install, deploy]
[DEBUG] Lifecycle clean -> [pre-clean, clean, post-clean]
[DEBUG] Lifecycle site -> [pre-site, site, post-site, site-deploy]
[DEBUG] === PROJECT BUILD PLAN ================================================
[DEBUG] Project:       org.tektutor:hello:1.2.3
[DEBUG] Dependencies (collect): []
[DEBUG] Dependencies (resolve): [compile]
[DEBUG] Repositories (dependencies): [central (http://repo.maven.apache.org/maven2, releases)]
[DEBUG] Repositories (plugins)     : [central (http://repo.maven.apache.org/maven2, releases)]
[DEBUG] -----------------------------------------------------------------------
[DEBUG] Goal:          org.apache.maven.plugins:maven-resources-plugin:2.3:resources (default-resources)
[DEBUG] Style:         Regular
[DEBUG] Configuration: <?xml version="1.0" encoding="UTF-8"?>
<configuration>
  <encoding default-value="${project.build.sourceEncoding}">${encoding}</encoding>
  <escapeString>${maven.resources.escapeString}</escapeString>
  <filters>${project.build.filters}</filters>
  <includeEmptyDirs default-value="false">${maven.resources.includeEmptyDirs}</includeEmptyDirs>
  <outputDirectory>${project.build.outputDirectory}</outputDirectory>
  <overwrite default-value="false">${maven.resources.overwrite}</overwrite>
  <project>${project}</project>
  <resources>${project.resources}</resources>
  <session>${session}</session>
</configuration>
[DEBUG] -----------------------------------------------------------------------
[DEBUG] Goal:          org.apache.maven.plugins:maven-compiler-plugin:2.0.2:compile (default-compile)
[DEBUG] Style:         Regular
[DEBUG] Configuration: <?xml version="1.0" encoding="UTF-8"?>
<configuration>
  <basedir>${basedir}</basedir>
  <buildDirectory>${project.build.directory}</buildDirectory>
  <classpathElements>${project.compileClasspathElements}</classpathElements>
  <compileSourceRoots>${project.compileSourceRoots}</compileSourceRoots>
  <compilerId default-value="javac">${maven.compiler.compilerId}</compilerId>
  <compilerVersion>${maven.compiler.compilerVersion}</compilerVersion>
  <debug default-value="true">${maven.compiler.debug}</debug>
  <encoding>${maven.compiler.encoding}</encoding>
  <executable>${maven.compiler.executable}</executable>
  <failOnError default-value="true">${maven.compiler.failOnError}</failOnError>
  <fork default-value="false"/>
  <maxmem>${maven.compiler.maxmem}</maxmem>
  <meminitial>${maven.compiler.meminitial}</meminitial>
  <optimize default-value="false">${maven.compiler.optimize}</optimize>
  <outputDirectory>${project.build.outputDirectory}</outputDirectory>
  <outputFileName>${project.build.finalName}</outputFileName>
  <projectArtifact>${project.artifact}</projectArtifact>
  <showDeprecation default-value="false">${maven.compiler.showDeprecation}</showDeprecation>
  <showWarnings default-value="false">${maven.compiler.showWarnings}</showWarnings>
  <source>${maven.compiler.source}</source>
  <staleMillis default-value="0">${lastModGranularityMs}</staleMillis>
  <target>${maven.compiler.target}</target>
  <verbose default-value="false">${maven.compiler.verbose}</verbose>
</configuration>
[DEBUG] =======================================================================
[DEBUG] org.tektutor:hello:jar:1.2.3
[INFO] 
[INFO] --- maven-resources-plugin:2.3:resources (default-resources) @ hello ---
[DEBUG] Created new class realm maven.api
[DEBUG] Importing foreign packages into class realm maven.api
[DEBUG]   Imported: org.apache.maven.wagon.events < plexus.core
[DEBUG]   Imported: org.sonatype.aether.transfer < plexus.core
[DEBUG]   Imported: org.apache.maven.exception < plexus.core
[DEBUG]   Imported: org.sonatype.aether.metadata < plexus.core
[DEBUG]   Imported: org.codehaus.plexus.util.xml.Xpp3Dom < plexus.core
[DEBUG]   Imported: org.sonatype.aether.collection < plexus.core
[DEBUG]   Imported: org.sonatype.aether.version < plexus.core
[DEBUG]   Imported: org.apache.maven.monitor < plexus.core
[DEBUG]   Imported: org.apache.maven.wagon.repository < plexus.core
[DEBUG]   Imported: org.apache.maven.repository < plexus.core
[DEBUG]   Imported: org.apache.maven.wagon.resource < plexus.core
[DEBUG]   Imported: org.codehaus.plexus.logging < plexus.core
[DEBUG]   Imported: org.apache.maven.profiles < plexus.core
[DEBUG]   Imported: org.sonatype.aether.repository < plexus.core
[DEBUG]   Imported: org.apache.maven.classrealm < plexus.core
[DEBUG]   Imported: org.apache.maven.execution < plexus.core
[DEBUG]   Imported: org.sonatype.aether.artifact < plexus.core
[DEBUG]   Imported: org.sonatype.aether.spi < plexus.core
[DEBUG]   Imported: org.apache.maven.reporting < plexus.core
[DEBUG]   Imported: org.apache.maven.usability < plexus.core
[DEBUG]   Imported: org.codehaus.plexus.container < plexus.core
[DEBUG]   Imported: org.codehaus.plexus.component < plexus.core
[DEBUG]   Imported: org.codehaus.plexus.util.xml.pull.XmlSerializer < plexus.core
[DEBUG]   Imported: org.apache.maven.wagon.authentication < plexus.core
[DEBUG]   Imported: org.apache.maven.lifecycle < plexus.core
[DEBUG]   Imported: org.codehaus.plexus.classworlds < plexus.core
[DEBUG]   Imported: org.sonatype.aether.graph < plexus.core
[DEBUG]   Imported: org.sonatype.aether.* < plexus.core
[DEBUG]   Imported: org.apache.maven.settings < plexus.core
[DEBUG]   Imported: org.codehaus.classworlds < plexus.core
[DEBUG]   Imported: org.sonatype.aether.impl < plexus.core
[DEBUG]   Imported: org.apache.maven.wagon.* < plexus.core
[DEBUG]   Imported: org.apache.maven.toolchain < plexus.core
[DEBUG]   Imported: org.sonatype.aether.deployment < plexus.core
[DEBUG]   Imported: org.apache.maven.wagon.observers < plexus.core
[DEBUG]   Imported: org.codehaus.plexus.util.xml.pull.XmlPullParserException < plexus.core
[DEBUG]   Imported: org.codehaus.plexus.util.xml.pull.XmlPullParser < plexus.core
[DEBUG]   Imported: org.apache.maven.configuration < plexus.core
[DEBUG]   Imported: org.apache.maven.cli < plexus.core
[DEBUG]   Imported: org.sonatype.aether.installation < plexus.core
[DEBUG]   Imported: org.codehaus.plexus.context < plexus.core
[DEBUG]   Imported: org.apache.maven.wagon.authorization < plexus.core
[DEBUG]   Imported: org.apache.maven.project < plexus.core
[DEBUG]   Imported: org.apache.maven.rtinfo < plexus.core
[DEBUG]   Imported: org.codehaus.plexus.lifecycle < plexus.core
[DEBUG]   Imported: org.codehaus.plexus.configuration < plexus.core
[DEBUG]   Imported: org.apache.maven.artifact < plexus.core
[DEBUG]   Imported: org.apache.maven.model < plexus.core
[DEBUG]   Imported: org.apache.maven.* < plexus.core
[DEBUG]   Imported: org.apache.maven.wagon.proxy < plexus.core
[DEBUG]   Imported: org.sonatype.aether.resolution < plexus.core
[DEBUG]   Imported: org.apache.maven.plugin < plexus.core
[DEBUG]   Imported: org.codehaus.plexus.* < plexus.core
[DEBUG]   Imported: org.codehaus.plexus.personality < plexus.core
[DEBUG] Populating class realm maven.api
[DEBUG] org.apache.maven.plugins:maven-resources-plugin:jar:2.3:
[DEBUG]    org.apache.maven:maven-plugin-api:jar:2.0.6:compile
[DEBUG]    org.apache.maven:maven-project:jar:2.0.6:compile
[DEBUG]       org.apache.maven:maven-settings:jar:2.0.6:compile
[DEBUG]       org.apache.maven:maven-profile:jar:2.0.6:compile
[DEBUG]       org.apache.maven:maven-model:jar:2.0.6:compile
[DEBUG]       org.apache.maven:maven-artifact-manager:jar:2.0.6:compile
[DEBUG]          org.apache.maven:maven-repository-metadata:jar:2.0.6:compile
[DEBUG]       org.apache.maven:maven-plugin-registry:jar:2.0.6:compile
[DEBUG]       org.apache.maven:maven-artifact:jar:2.0.6:compile
[DEBUG]       org.codehaus.plexus:plexus-container-default:jar:1.0-alpha-9-stable-1:compile
[DEBUG]          junit:junit:jar:3.8.1:compile
[DEBUG]          classworlds:classworlds:jar:1.1-alpha-2:compile
[DEBUG]    org.codehaus.plexus:plexus-utils:jar:1.5.6:compile
[DEBUG]    org.apache.maven.shared:maven-filtering:jar:1.0-beta-2:compile
[DEBUG]       org.apache.maven:maven-core:jar:2.0.6:compile
[DEBUG]          org.apache.maven:maven-plugin-parameter-documenter:jar:2.0.6:compile
[DEBUG]          org.apache.maven.reporting:maven-reporting-api:jar:2.0.6:compile
[DEBUG]             org.apache.maven.doxia:doxia-sink-api:jar:1.0-alpha-7:compile
[DEBUG]          org.apache.maven:maven-error-diagnostics:jar:2.0.6:compile
[DEBUG]          commons-cli:commons-cli:jar:1.0:compile
[DEBUG]          org.apache.maven:maven-plugin-descriptor:jar:2.0.6:compile
[DEBUG]          org.codehaus.plexus:plexus-interactivity-api:jar:1.0-alpha-4:compile
[DEBUG]       org.apache.maven:maven-monitor:jar:2.0.6:compile
[DEBUG]       org.codehaus.plexus:plexus-interpolation:jar:1.6:compile
[DEBUG] Created new class realm plugin>org.apache.maven.plugins:maven-resources-plugin:2.3
[DEBUG] Importing foreign packages into class realm plugin>org.apache.maven.plugins:maven-resources-plugin:2.3
[DEBUG]   Imported:  < maven.api
[DEBUG] Populating class realm plugin>org.apache.maven.plugins:maven-resources-plugin:2.3
[DEBUG]   Included: org.apache.maven.plugins:maven-resources-plugin:jar:2.3
[DEBUG]   Included: junit:junit:jar:3.8.1
[DEBUG]   Included: org.codehaus.plexus:plexus-utils:jar:1.5.6
[DEBUG]   Included: org.apache.maven.shared:maven-filtering:jar:1.0-beta-2
[DEBUG]   Included: org.apache.maven.reporting:maven-reporting-api:jar:2.0.6
[DEBUG]   Included: org.apache.maven.doxia:doxia-sink-api:jar:1.0-alpha-7
[DEBUG]   Included: commons-cli:commons-cli:jar:1.0
[DEBUG]   Included: org.codehaus.plexus:plexus-interactivity-api:jar:1.0-alpha-4
[DEBUG]   Included: org.codehaus.plexus:plexus-interpolation:jar:1.6
[DEBUG]   Excluded: org.apache.maven:maven-plugin-api:jar:2.0.6
[DEBUG]   Excluded: org.apache.maven:maven-project:jar:2.0.6
[DEBUG]   Excluded: org.apache.maven:maven-settings:jar:2.0.6
[DEBUG]   Excluded: org.apache.maven:maven-profile:jar:2.0.6
[DEBUG]   Excluded: org.apache.maven:maven-model:jar:2.0.6
[DEBUG]   Excluded: org.apache.maven:maven-artifact-manager:jar:2.0.6
[DEBUG]   Excluded: org.apache.maven:maven-repository-metadata:jar:2.0.6
[DEBUG]   Excluded: org.apache.maven:maven-plugin-registry:jar:2.0.6
[DEBUG]   Excluded: org.apache.maven:maven-artifact:jar:2.0.6
[DEBUG]   Excluded: org.codehaus.plexus:plexus-container-default:jar:1.0-alpha-9-stable-1
[DEBUG]   Excluded: classworlds:classworlds:jar:1.1-alpha-2
[DEBUG]   Excluded: org.apache.maven:maven-core:jar:2.0.6
[DEBUG]   Excluded: org.apache.maven:maven-plugin-parameter-documenter:jar:2.0.6
[DEBUG]   Excluded: org.apache.maven:maven-error-diagnostics:jar:2.0.6
[DEBUG]   Excluded: org.apache.maven:maven-plugin-descriptor:jar:2.0.6
[DEBUG]   Excluded: org.apache.maven:maven-monitor:jar:2.0.6
[DEBUG] Configuring mojo org.apache.maven.plugins:maven-resources-plugin:2.3:resources from plugin realm ClassRealm[plugin>org.apache.maven.plugins:maven-resources-plugin:2.3, parent: sun.misc.Launcher$AppClassLoader@6f324b17]
[DEBUG] Configuring mojo 'org.apache.maven.plugins:maven-resources-plugin:2.3:resources' with basic configurator -->
[DEBUG]   (f) filters = []
[DEBUG]   (s) includeEmptyDirs = false
[DEBUG]   (s) outputDirectory = /home/rps/Day1/Hello/Output
[DEBUG]   (s) overwrite = false
[DEBUG]   (f) project = MavenProject: org.tektutor:hello:1.2.3 @ /home/rps/Day1/Hello/pom.xml
[DEBUG]   (s) resources = [Resource {targetPath: null, filtering: false, FileSet {directory: /home/rps/Day1/Hello/src/main/resources, PatternSet [includes: {}, excludes: {}]}}]
[DEBUG]   (f) session = org.apache.maven.execution.MavenSession@3db040b6
[DEBUG] -- end configuration --
[DEBUG] properties used {java.vendor=Oracle Corporation, env.SESSION_MANAGER=local/rps-ThinkCentre-M91p:@/tmp/.ICE-unix/1479,unix/rps-ThinkCentre-M91p:/tmp/.ICE-unix/1479, env.IM_CONFIG_PHASE=1, env.LESSOPEN=| /usr/bin/lesspipe %s, sun.java.launcher=SUN_STANDARD, env.QT_IM_MODULE=ibus, sun.management.compiler=HotSpot 64-Bit Tiered Compilers, os.name=Linux, env.UPSTART_SESSION=unix:abstract=/com/ubuntu/upstart-session/1000/1165, sun.boot.class.path=/usr/lib/jvm/java-7-openjdk-amd64/jre/lib/resources.jar:/usr/lib/jvm/java-7-openjdk-amd64/jre/lib/rt.jar:/usr/lib/jvm/java-7-openjdk-amd64/jre/lib/sunrsasign.jar:/usr/lib/jvm/java-7-openjdk-amd64/jre/lib/jsse.jar:/usr/lib/jvm/java-7-openjdk-amd64/jre/lib/jce.jar:/usr/lib/jvm/java-7-openjdk-amd64/jre/lib/charsets.jar:/usr/lib/jvm/java-7-openjdk-amd64/jre/lib/rhino.jar:/usr/lib/jvm/java-7-openjdk-amd64/jre/lib/jfr.jar:/usr/lib/jvm/java-7-openjdk-amd64/jre/classes, env.PWD=/home/rps/Day1/Hello, sun.desktop=gnome, env.LANG=en_IN, java.vm.specification.vendor=Oracle Corporation, env.XDG_MENU_PREFIX=gnome-, java.runtime.version=1.7.0_101-b00, env.GTK_IM_MODULE=ibus, env.DEFAULTS_PATH=/usr/share/gconf/ubuntu.default.path, env.XDG_VTNR=7, env.DISPLAY=:0, user.name=rps, env.QT4_IM_MODULE=xim, env._=/usr/bin/mvn, maven.build.version=Apache Maven 3.0.5, env.USER=rps, env.SHELL=/bin/bash, env.DESKTOP_SESSION=ubuntu, env.XDG_DATA_DIRS=/usr/share/ubuntu:/usr/share/gnome:/usr/local/share/:/usr/share/, env.PATH=/usr/local/sbin:/usr/local/bin:/usr/sbin:/usr/bin:/sbin:/bin:/usr/games:/usr/local/games, env.XDG_CURRENT_DESKTOP=Unity, user.language=en, sun.boot.library.path=/usr/lib/jvm/java-7-openjdk-amd64/jre/lib/amd64, classworlds.conf=/usr/share/maven/bin/m2.conf, env.TEXTDOMAIN=im-config, env.SELINUX_INIT=YES, java.version=1.7.0_101, user.timezone=, env.DBUS_SESSION_BUS_ADDRESS=unix:abstract=/tmp/dbus-wDLBKFRbRf, sun.arch.data.model=64, env.COMPIZ_CONFIG_PROFILE=ubuntu, java.endorsed.dirs=/usr/lib/jvm/java-7-openjdk-amd64/jre/lib/endorsed, sun.cpu.isalist=, sun.jnu.encoding=UTF-8, file.encoding.pkg=sun.io, env.SHLVL=1, file.separator=/, java.specification.name=Java Platform API Specification, env.GNOME_DESKTOP_SESSION_ID=this-is-deprecated, java.class.version=51.0, env.GDMSESSION=ubuntu, user.country=IN, env.GNOME_KEYRING_PID=, java.home=/usr/lib/jvm/java-7-openjdk-amd64/jre, java.vm.info=mixed mode, env.LOGNAME=rps, os.version=3.13.0-91-generic, path.separator=:, java.vm.version=24.95-b01, env.LANGUAGE=en_IN:en, env.TEXTDOMAINDIR=/usr/share/locale/, env.XDG_SESSION_PATH=/org/freedesktop/DisplayManager/Session0, env.QT_QPA_PLATFORMTHEME=appmenu-qt5, env.SESSIONTYPE=gnome-session, env.JAVA_HOME=/usr/lib/jvm/java-7-openjdk-amd64, java.awt.printerjob=sun.print.PSPrinterJob, env.TERM=xterm, sun.io.unicode.encoding=UnicodeLittle, awt.toolkit=sun.awt.X11.XToolkit, env.XMODIFIERS=@im=ibus, env.GDM_LANG=en_US, user.home=/home/rps, env.JOB=dbus, env.OLDPWD=/home/rps/Day1/Hello, java.specification.vendor=Oracle Corporation, env.WINDOWID=56623115, env.VTE_VERSION=3409, java.vendor.url=http://java.oracle.com/, java.library.path=/usr/java/packages/lib/amd64:/usr/lib/x86_64-linux-gnu/jni:/lib/x86_64-linux-gnu:/usr/lib/x86_64-linux-gnu:/usr/lib/jni:/lib:/usr/lib, java.vm.vendor=Oracle Corporation, env.XDG_SEAT=seat0, java.runtime.name=OpenJDK Runtime Environment, maven.home=/usr/share/maven, java.class.path=/usr/share/maven/boot/plexus-classworlds-2.x.jar, sun.java.command=org.codehaus.plexus.classworlds.launcher.Launcher -X compile, env.XDG_SESSION_ID=c2, maven.version=3.0.5, java.vm.specification.name=Java Virtual Machine Specification, java.vm.specification.version=1.7, sun.os.patch.level=unknown, sun.cpu.endian=little, env.HOME=/home/rps, env.XDG_SEAT_PATH=/org/freedesktop/DisplayManager/Seat0, env.LS_COLORS=rs=0:di=01;34:ln=01;36:mh=00:pi=40;33:so=01;35:do=01;35:bd=40;33;01:cd=40;33;01:or=40;31;01:su=37;41:sg=30;43:ca=30;41:tw=30;42:ow=34;42:st=37;44:ex=01;32:*.tar=01;31:*.tgz=01;31:*.arj=01;31:*.taz=01;31:*.lzh=01;31:*.lzma=01;31:*.tlz=01;31:*.txz=01;31:*.zip=01;31:*.z=01;31:*.Z=01;31:*.dz=01;31:*.gz=01;31:*.lz=01;31:*.xz=01;31:*.bz2=01;31:*.bz=01;31:*.tbz=01;31:*.tbz2=01;31:*.tz=01;31:*.deb=01;31:*.rpm=01;31:*.jar=01;31:*.war=01;31:*.ear=01;31:*.sar=01;31:*.rar=01;31:*.ace=01;31:*.zoo=01;31:*.cpio=01;31:*.7z=01;31:*.rz=01;31:*.jpg=01;35:*.jpeg=01;35:*.gif=01;35:*.bmp=01;35:*.pbm=01;35:*.pgm=01;35:*.ppm=01;35:*.tga=01;35:*.xbm=01;35:*.xpm=01;35:*.tif=01;35:*.tiff=01;35:*.png=01;35:*.svg=01;35:*.svgz=01;35:*.mng=01;35:*.pcx=01;35:*.mov=01;35:*.mpg=01;35:*.mpeg=01;35:*.m2v=01;35:*.mkv=01;35:*.webm=01;35:*.ogm=01;35:*.mp4=01;35:*.m4v=01;35:*.mp4v=01;35:*.vob=01;35:*.qt=01;35:*.nuv=01;35:*.wmv=01;35:*.asf=01;35:*.rm=01;35:*.rmvb=01;35:*.flc=01;35:*.avi=01;35:*.fli=01;35:*.flv=01;35:*.gl=01;35:*.dl=01;35:*.xcf=01;35:*.xwd=01;35:*.yuv=01;35:*.cgm=01;35:*.emf=01;35:*.axv=01;35:*.anx=01;35:*.ogv=01;35:*.ogx=01;35:*.aac=00;36:*.au=00;36:*.flac=00;36:*.mid=00;36:*.midi=00;36:*.mka=00;36:*.mp3=00;36:*.mpc=00;36:*.ogg=00;36:*.ra=00;36:*.wav=00;36:*.axa=00;36:*.oga=00;36:*.spx=00;36:*.xspf=00;36:, java.io.tmpdir=/tmp, java.vendor.url.bug=http://bugreport.sun.com/bugreport/, env.SSH_AUTH_SOCK=/run/user/1000/keyring-Ye5Z0C/ssh, env.CLUTTER_IM_MODULE=xim, java.awt.graphicsenv=sun.awt.X11GraphicsEnvironment, os.arch=amd64, env.INSTANCE=, env.XDG_RUNTIME_DIR=/run/user/1000, java.ext.dirs=/usr/lib/jvm/java-7-openjdk-amd64/jre/lib/ext:/usr/java/packages/lib/ext, env.XAUTHORITY=/home/rps/.Xauthority, env.SESSION=ubuntu, user.dir=/home/rps/Day1/Hello, env.MANDATORY_PATH=/usr/share/gconf/ubuntu.mandatory.path, env.GTK_MODULES=overlay-scrollbar:unity-gtk-module, line.separator=
, java.vm.name=OpenJDK 64-Bit Server VM, env.COLORTERM=gnome-terminal, env.XDG_GREETER_DATA_DIR=/var/lib/lightdm-data/rps, file.encoding=UTF-8, env.COMPIZ_BIN_PATH=/usr/bin/, env.GPG_AGENT_INFO=/run/user/1000/keyring-Ye5Z0C/gpg:0:1, java.specification.version=1.7, env.GNOME_KEYRING_CONTROL=/run/user/1000/keyring-Ye5Z0C, env.XDG_CONFIG_DIRS=/etc/xdg/xdg-ubuntu:/usr/share/upstart/xdg:/etc/xdg, env.LESSCLOSE=/usr/bin/lesspipe %s %s}
[WARNING] Using platform encoding (UTF-8 actually) to copy filtered resources, i.e. build is platform dependent!
[DEBUG] resource with targetPath null
directory /home/rps/Day1/Hello/src/main/resources
excludes []
includes []
[INFO] skip non existing resourceDirectory /home/rps/Day1/Hello/src/main/resources
[INFO] 
[INFO] --- maven-compiler-plugin:2.0.2:compile (default-compile) @ hello ---
[DEBUG] org.apache.maven.plugins:maven-compiler-plugin:jar:2.0.2:
[DEBUG]    org.apache.maven:maven-plugin-api:jar:2.0:compile
[DEBUG]    org.codehaus.plexus:plexus-utils:jar:1.0.4:compile
[DEBUG]    org.codehaus.plexus:plexus-compiler-api:jar:1.5.3:compile
[DEBUG]       org.codehaus.plexus:plexus-container-default:jar:1.0-alpha-8:compile
[DEBUG]          junit:junit:jar:3.8.1:compile
[DEBUG]          classworlds:classworlds:jar:1.1-alpha-2:compile
[DEBUG]    org.codehaus.plexus:plexus-compiler-manager:jar:1.5.3:compile
[DEBUG]    org.codehaus.plexus:plexus-compiler-javac:jar:1.5.3:runtime
[DEBUG]    org.apache.maven:maven-artifact:jar:2.0:compile
[DEBUG] Created new class realm plugin>org.apache.maven.plugins:maven-compiler-plugin:2.0.2
[DEBUG] Importing foreign packages into class realm plugin>org.apache.maven.plugins:maven-compiler-plugin:2.0.2
[DEBUG]   Imported:  < maven.api
[DEBUG] Populating class realm plugin>org.apache.maven.plugins:maven-compiler-plugin:2.0.2
[DEBUG]   Included: org.apache.maven.plugins:maven-compiler-plugin:jar:2.0.2
[DEBUG]   Included: org.codehaus.plexus:plexus-utils:jar:1.0.4
[DEBUG]   Included: org.codehaus.plexus:plexus-compiler-api:jar:1.5.3
[DEBUG]   Included: junit:junit:jar:3.8.1
[DEBUG]   Included: org.codehaus.plexus:plexus-compiler-manager:jar:1.5.3
[DEBUG]   Included: org.codehaus.plexus:plexus-compiler-javac:jar:1.5.3
[DEBUG]   Excluded: org.apache.maven:maven-plugin-api:jar:2.0
[DEBUG]   Excluded: org.codehaus.plexus:plexus-container-default:jar:1.0-alpha-8
[DEBUG]   Excluded: classworlds:classworlds:jar:1.1-alpha-2
[DEBUG]   Excluded: org.apache.maven:maven-artifact:jar:2.0
[DEBUG] Configuring mojo org.apache.maven.plugins:maven-compiler-plugin:2.0.2:compile from plugin realm ClassRealm[plugin>org.apache.maven.plugins:maven-compiler-plugin:2.0.2, parent: sun.misc.Launcher$AppClassLoader@6f324b17]
[DEBUG] Configuring mojo 'org.apache.maven.plugins:maven-compiler-plugin:2.0.2:compile' with basic configurator -->
[DEBUG]   (f) basedir = /home/rps/Day1/Hello
[DEBUG]   (f) buildDirectory = /home/rps/Day1/Hello/target
[DEBUG]   (f) classpathElements = [/home/rps/Day1/Hello/Output]
[DEBUG]   (f) compileSourceRoots = [/home/rps/Day1/Hello/source]
[DEBUG]   (f) compilerId = javac
[DEBUG]   (f) debug = true
[DEBUG]   (f) failOnError = true
[DEBUG]   (f) fork = false
[DEBUG]   (f) optimize = false
[DEBUG]   (f) outputDirectory = /home/rps/Day1/Hello/Output
[DEBUG]   (f) outputFileName = hello-1.2.3
[DEBUG]   (f) projectArtifact = org.tektutor:hello:jar:1.2.3
[DEBUG]   (f) showDeprecation = false
[DEBUG]   (f) showWarnings = false
[DEBUG]   (f) staleMillis = 0
[DEBUG]   (f) verbose = false
[DEBUG] -- end configuration --
[DEBUG] Using compiler 'javac'.
[DEBUG] Source directories: [/home/rps/Day1/Hello/source]
[DEBUG] Classpath: [/home/rps/Day1/Hello/Output]
[DEBUG] Output directory: /home/rps/Day1/Hello/Output
[DEBUG] Classpath:
[DEBUG]  /home/rps/Day1/Hello/Output
[DEBUG] Source roots:
[DEBUG]  /home/rps/Day1/Hello/source
[INFO] Compiling 1 source file to /home/rps/Day1/Hello/Output
[INFO] ------------------------------------------------------------------------
[INFO] BUILD SUCCESS
[INFO] ------------------------------------------------------------------------
[INFO] Total time: 0.865s
[INFO] Finished at: Wed Jun 29 13:22:31 IST 2016
[INFO] Final Memory: 13M/238M
[INFO] ------------------------------------------------------------------------
